<?xml version="1.0" encoding="UTF-8"?>
<!-- Generated by org.testng.reporters.JUnitReportReporter -->
<testsuite skipped="0" hostname="S3-PC" name="com.TestCases.Hello_World" tests="1" failures="0" timestamp="15 Jun 2018 05:41:26 GMT" time="0.027" errors="0">
  <testcase name="hELLOWORLD" time="0.027" classname="com.TestCases.Hello_World"/>
</testsuite> <!-- com.TestCases.Hello_World -->
