<?xml version="1.0" encoding="UTF-8"?>
<!-- Generated by org.testng.reporters.JUnitReportReporter -->
<testsuite skipped="0" hostname="S3-PC" name="com.TestCases.TC_008FaildTestCase" tests="1" failures="0" timestamp="19 Jun 2018 04:25:15 GMT" time="31.389" errors="0">
  <testcase name="runFaildTestngXml" time="31.389" classname="com.TestCases.TC_008FaildTestCase"/>
</testsuite> <!-- com.TestCases.TC_008FaildTestCase -->
