<?xml version="1.0" encoding="UTF-8"?>
<!-- Generated by org.testng.reporters.JUnitReportReporter -->
<testsuite skipped="0" hostname="S3-PC" name="com.TestCases.Login" tests="1" failures="0" timestamp="04 Jun 2018 04:30:12 GMT" time="11.160" errors="0">
  <testcase name="Login" time="11.160" classname="com.TestCases.Login"/>
</testsuite> <!-- com.TestCases.Login -->
