<?xml version="1.0" encoding="UTF-8"?>
<!-- Generated by org.testng.reporters.JUnitReportReporter -->
<testsuite skipped="0" hostname="S3-PC" name="com.TestCases.TC01_Verify_Summer_Dress_Functionality" tests="1" failures="0" timestamp="13 Jun 2018 05:33:30 GMT" time="23.680" errors="0">
  <testcase name="validate_SummaryPage" time="23.680" classname="com.TestCases.TC01_Verify_Summer_Dress_Functionality"/>
</testsuite> <!-- com.TestCases.TC01_Verify_Summer_Dress_Functionality -->
