<?xml version="1.0" encoding="UTF-8"?>
<!-- Generated by org.testng.reporters.JUnitReportReporter -->
<testsuite skipped="0" hostname="S3-PC" name="com.TestCases.TC_Login" tests="1" failures="0" timestamp="05 Jun 2018 03:18:18 GMT" time="15.230" errors="0">
  <testcase name="Login_Application" time="15.230" classname="com.TestCases.TC_Login"/>
</testsuite> <!-- com.TestCases.TC_Login -->
